<?xml version="1.0" encoding="UTF-8"?>
<testsuite name="ie.adil.blogger.BloggerApplicationTests" tests="1" skipped="0" failures="0" errors="0" timestamp="2019-10-15T23:26:11" hostname="DESKTOP-P7OQTO0" time="0.618">
  <properties/>
  <testcase name="contextLoads" classname="ie.adil.blogger.BloggerApplicationTests" time="0.618"/>
  <system-out><![CDATA[00:26:06.574 [Test worker] DEBUG org.springframework.test.context.junit4.SpringJUnit4ClassRunner - SpringJUnit4ClassRunner constructor called with [class ie.adil.blogger.BloggerApplicationTests]
00:26:06.589 [Test worker] DEBUG org.springframework.test.context.BootstrapUtils - Instantiating CacheAwareContextLoaderDelegate from class [org.springframework.test.context.cache.DefaultCacheAwareContextLoaderDelegate]
00:26:06.600 [Test worker] DEBUG org.springframework.test.context.BootstrapUtils - Instantiating BootstrapContext using constructor [public org.springframework.test.context.support.DefaultBootstrapContext(java.lang.Class,org.springframework.test.context.CacheAwareContextLoaderDelegate)]
00:26:06.625 [Test worker] DEBUG org.springframework.test.context.BootstrapUtils - Instantiating TestContextBootstrapper for test class [ie.adil.blogger.BloggerApplicationTests] from class [org.springframework.boot.test.context.SpringBootTestContextBootstrapper]
00:26:06.641 [Test worker] INFO org.springframework.boot.test.context.SpringBootTestContextBootstrapper - Neither @ContextConfiguration nor @ContextHierarchy found for test class [ie.adil.blogger.BloggerApplicationTests], using SpringBootContextLoader
00:26:06.646 [Test worker] DEBUG org.springframework.test.context.support.AbstractContextLoader - Did not detect default resource location for test class [ie.adil.blogger.BloggerApplicationTests]: class path resource [ie/adil/blogger/BloggerApplicationTests-context.xml] does not exist
00:26:06.647 [Test worker] DEBUG org.springframework.test.context.support.AbstractContextLoader - Did not detect default resource location for test class [ie.adil.blogger.BloggerApplicationTests]: class path resource [ie/adil/blogger/BloggerApplicationTestsContext.groovy] does not exist
00:26:06.648 [Test worker] INFO org.springframework.test.context.support.AbstractContextLoader - Could not detect default resource locations for test class [ie.adil.blogger.BloggerApplicationTests]: no resource found for suffixes {-context.xml, Context.groovy}.
00:26:06.649 [Test worker] INFO org.springframework.test.context.support.AnnotationConfigContextLoaderUtils - Could not detect default configuration classes for test class [ie.adil.blogger.BloggerApplicationTests]: BloggerApplicationTests does not declare any static, non-private, non-final, nested classes annotated with @Configuration.
00:26:06.717 [Test worker] DEBUG org.springframework.test.context.support.ActiveProfilesUtils - Could not find an 'annotation declaring class' for annotation type [org.springframework.test.context.ActiveProfiles] and class [ie.adil.blogger.BloggerApplicationTests]
00:26:06.820 [Test worker] DEBUG org.springframework.context.annotation.ClassPathScanningCandidateComponentProvider - Identified candidate component class: file [D:\microServicesWorkspace\blogger\build\classes\java\main\ie\adil\blogger\BloggerApplication.class]
00:26:06.823 [Test worker] INFO org.springframework.boot.test.context.SpringBootTestContextBootstrapper - Found @SpringBootConfiguration ie.adil.blogger.BloggerApplication for test class ie.adil.blogger.BloggerApplicationTests
00:26:06.970 [Test worker] DEBUG org.springframework.boot.test.context.SpringBootTestContextBootstrapper - @TestExecutionListeners is not present for class [ie.adil.blogger.BloggerApplicationTests]: using defaults.
00:26:06.971 [Test worker] INFO org.springframework.boot.test.context.SpringBootTestContextBootstrapper - Loaded default TestExecutionListener class names from location [META-INF/spring.factories]: [org.springframework.boot.test.autoconfigure.restdocs.RestDocsTestExecutionListener, org.springframework.boot.test.autoconfigure.web.client.MockRestServiceServerResetTestExecutionListener, org.springframework.boot.test.autoconfigure.web.servlet.MockMvcPrintOnlyOnFailureTestExecutionListener, org.springframework.boot.test.autoconfigure.web.servlet.WebDriverTestExecutionListener, org.springframework.boot.test.mock.mockito.MockitoTestExecutionListener, org.springframework.boot.test.mock.mockito.ResetMocksTestExecutionListener, org.springframework.test.context.web.ServletTestExecutionListener, org.springframework.test.context.support.DirtiesContextBeforeModesTestExecutionListener, org.springframework.test.context.support.DependencyInjectionTestExecutionListener, org.springframework.test.context.support.DirtiesContextTestExecutionListener, org.springframework.test.context.transaction.TransactionalTestExecutionListener, org.springframework.test.context.jdbc.SqlScriptsTestExecutionListener]
00:26:06.992 [Test worker] DEBUG org.springframework.boot.test.context.SpringBootTestContextBootstrapper - Skipping candidate TestExecutionListener [org.springframework.test.context.transaction.TransactionalTestExecutionListener] due to a missing dependency. Specify custom listener classes or make the default listener classes and their required dependencies available. Offending class: [org/springframework/transaction/interceptor/TransactionAttributeSource]
00:26:06.993 [Test worker] DEBUG org.springframework.boot.test.context.SpringBootTestContextBootstrapper - Skipping candidate TestExecutionListener [org.springframework.test.context.jdbc.SqlScriptsTestExecutionListener] due to a missing dependency. Specify custom listener classes or make the default listener classes and their required dependencies available. Offending class: [org/springframework/transaction/interceptor/TransactionAttribute]
00:26:06.994 [Test worker] INFO org.springframework.boot.test.context.SpringBootTestContextBootstrapper - Using TestExecutionListeners: [org.springframework.test.context.web.ServletTestExecutionListener@e11f628, org.springframework.test.context.support.DirtiesContextBeforeModesTestExecutionListener@387f9466, org.springframework.boot.test.mock.mockito.MockitoTestExecutionListener@350276a1, org.springframework.boot.test.autoconfigure.SpringBootDependencyInjectionTestExecutionListener@16f873c7, org.springframework.test.context.support.DirtiesContextTestExecutionListener@17d97786, org.springframework.boot.test.autoconfigure.restdocs.RestDocsTestExecutionListener@53410dbf, org.springframework.boot.test.autoconfigure.web.client.MockRestServiceServerResetTestExecutionListener@7550ce08, org.springframework.boot.test.autoconfigure.web.servlet.MockMvcPrintOnlyOnFailureTestExecutionListener@2063fd2e, org.springframework.boot.test.autoconfigure.web.servlet.WebDriverTestExecutionListener@7cdacbe3, org.springframework.boot.test.mock.mockito.ResetMocksTestExecutionListener@27ad1d32]
00:26:06.998 [Test worker] DEBUG org.springframework.test.annotation.ProfileValueUtils - Retrieved @ProfileValueSourceConfiguration [null] for test class [ie.adil.blogger.BloggerApplicationTests]
00:26:07.000 [Test worker] DEBUG org.springframework.test.annotation.ProfileValueUtils - Retrieved ProfileValueSource type [class org.springframework.test.annotation.SystemProfileValueSource] for class [ie.adil.blogger.BloggerApplicationTests]
00:26:07.001 [Test worker] DEBUG org.springframework.test.annotation.ProfileValueUtils - Retrieved @ProfileValueSourceConfiguration [null] for test class [ie.adil.blogger.BloggerApplicationTests]
00:26:07.002 [Test worker] DEBUG org.springframework.test.annotation.ProfileValueUtils - Retrieved ProfileValueSource type [class org.springframework.test.annotation.SystemProfileValueSource] for class [ie.adil.blogger.BloggerApplicationTests]
00:26:07.010 [Test worker] DEBUG org.springframework.test.context.support.AbstractDirtiesContextTestExecutionListener - Before test class: context [DefaultTestContext@7c2e1113 testClass = BloggerApplicationTests, testInstance = [null], testMethod = [null], testException = [null], mergedContextConfiguration = [WebMergedContextConfiguration@69017c6c testClass = BloggerApplicationTests, locations = '{}', classes = '{class ie.adil.blogger.BloggerApplication}', contextInitializerClasses = '[]', activeProfiles = '{}', propertySourceLocations = '{}', propertySourceProperties = '{org.springframework.boot.test.context.SpringBootTestContextBootstrapper=true}', contextCustomizers = set[org.springframework.boot.test.autoconfigure.properties.PropertyMappingContextCustomizer@0, org.springframework.boot.test.autoconfigure.web.servlet.WebDriverContextCustomizerFactory$Customizer@70faf76b, org.springframework.boot.test.context.filter.ExcludeFilterContextCustomizer@1a468b75, org.springframework.boot.test.json.DuplicateJsonObjectContextCustomizerFactory$DuplicateJsonObjectContextCustomizer@6786e1b0, org.springframework.boot.test.mock.mockito.MockitoContextCustomizer@0, org.springframework.boot.test.web.client.TestRestTemplateContextCustomizer@30ca260a], resourceBasePath = 'src/main/webapp', contextLoader = 'org.springframework.boot.test.context.SpringBootContextLoader', parent = [null]], attributes = map['org.springframework.test.context.web.ServletTestExecutionListener.activateListener' -> true]], class annotated with @DirtiesContext [false] with mode [null].
00:26:07.012 [Test worker] DEBUG org.springframework.test.annotation.ProfileValueUtils - Retrieved @ProfileValueSourceConfiguration [null] for test class [ie.adil.blogger.BloggerApplicationTests]
00:26:07.012 [Test worker] DEBUG org.springframework.test.annotation.ProfileValueUtils - Retrieved ProfileValueSource type [class org.springframework.test.annotation.SystemProfileValueSource] for class [ie.adil.blogger.BloggerApplicationTests]
00:26:07.049 [Test worker] DEBUG org.springframework.test.context.support.TestPropertySourceUtils - Adding inlined properties to environment: {spring.jmx.enabled=false, org.springframework.boot.test.context.SpringBootTestContextBootstrapper=true, server.port=-1}
___  ___        _____                     _                  
|  \/  |       /  ___|                   (_)                 
| .  . | _   _ \ `--.   ___  _ __ __   __ _   ___   ___  ___ 
| |\/| || | | | `--. \ / _ \| '__|\ \ / /| | / __| / _ \/ __|
| |  | || |_| |/\__/ /|  __/| |    \ V / | || (__ |  __/\__ \
\_|  |_/ \__, |\____/  \___||_|     \_/  |_| \___| \___||___/
          __/ |                                              
         |___/                                               
                                                                                                         
2019-10-16 00:26:07.513  WARN 16088 --- [    Test worker] ory$DuplicateJsonObjectContextCustomizer : 

Found multiple occurrences of org.json.JSONObject on the class path:

	jar:file:/C:/Users/adilm/.gradle/caches/modules-2/files-2.1/org.json/json/20190722/7bce7bacf0ab5e9f894d307a3de8b7f540064d5/json-20190722.jar!/org/json/JSONObject.class
	jar:file:/C:/Users/adilm/.gradle/caches/modules-2/files-2.1/com.vaadin.external.google/android-json/0.0.20131108.vaadin1/fa26d351fe62a6a17f5cda1287c1c6110dec413f/android-json-0.0.20131108.vaadin1.jar!/org/json/JSONObject.class

You may wish to exclude one of them to ensure predictable runtime behavior

2019-10-16 00:26:07.537  INFO 16088 --- [    Test worker] ie.adil.blogger.BloggerApplicationTests  : Starting BloggerApplicationTests on DESKTOP-P7OQTO0 with PID 16088 (started by adilm in D:\microServicesWorkspace\blogger)
2019-10-16 00:26:07.538  INFO 16088 --- [    Test worker] ie.adil.blogger.BloggerApplicationTests  : No active profile set, falling back to default profiles: default
2019-10-16 00:26:10.542  INFO 16088 --- [    Test worker] o.s.s.concurrent.ThreadPoolTaskExecutor  : Initializing ExecutorService 'applicationTaskExecutor'
2019-10-16 00:26:10.707  INFO 16088 --- [    Test worker] o.s.b.a.w.s.WelcomePageHandlerMapping    : Adding welcome page template: index
2019-10-16 00:26:11.175  INFO 16088 --- [    Test worker] ie.adil.blogger.BloggerApplicationTests  : Started BloggerApplicationTests in 4.101 seconds (JVM running for 5.925)
]]></system-out>
  <system-err><![CDATA[]]></system-err>
</testsuite>
